[DEBUG] Final 'about_me' before saving: “Are you wanna buy a game and dont have idea about how game is it ? that we are for if you are game creator send me your game i will review it as fast as possible.”

6,930
CURATOR FOLLOWERS
499
REVIEWS POSTED
[DEBUG] Final 'about_me' before saving: “Anything and everything under the sun that looks cute or interesting with a focus on well done indies and puzzlers.”

450
CURATOR FOLLOWERS
810
REVIEWS POSTED
[DEBUG] Final 'about_me' before saving: “My name is Yoshikage Kira. I'm 33 years old. My house is in the northeast section of Morioh, where all the villas are, and I am not married. I work as an employee for the Kame Yu department stores, and I get ...”

3,380
CURATOR FOLLOWERS
375
REVIEWS POSTED
[DEBUG] Final 'about_me' before saving: [ERROR: Unable to extract 'about me' section]
[DEBUG] Cleaned 'about_me' before saving: “SWEETROLLS!!!!!!!!!!!!!!!!!!!!!!!!!!!!!!!!!!!!!!!!!!!!!!! AND CHEESEE!!!!!!!!!!!!!!!!!!!!!!!!! FOR EVERYONE!!!!!!”
[DEBUG] Final 'about_me' before saving: “We dive into shooters, MMORPGs, and RPGs — from intense firefights to epic adventures. Whether it’s raiding bosses or landing headshots, we help you find games worth your time and money.”

5
CURATOR FOLLOWERS
89
REVIEWS POSTED
